                                      1 ;--------------------------------------------------------
                                      2 ; File Created by SDCC : free open source ISO C Compiler
                                      3 ; Version 4.5.0 #15242 (MINGW64)
                                      4 ;--------------------------------------------------------
                                      5 	.module adc
                                      6 	
                                      7 	.optsdcc -mmcs51 --model-small
                                      8 ;--------------------------------------------------------
                                      9 ; Public variables in this module
                                     10 ;--------------------------------------------------------
                                     11 	.globl _UIF_BUS_RST
                                     12 	.globl _UIF_DETECT
                                     13 	.globl _UIF_TRANSFER
                                     14 	.globl _UIF_SUSPEND
                                     15 	.globl _UIF_HST_SOF
                                     16 	.globl _UIF_FIFO_OV
                                     17 	.globl _U_SIE_FREE
                                     18 	.globl _U_TOG_OK
                                     19 	.globl _U_IS_NAK
                                     20 	.globl _ADC_CHAN0
                                     21 	.globl _ADC_CHAN1
                                     22 	.globl _CMP_CHAN
                                     23 	.globl _ADC_START
                                     24 	.globl _ADC_IF
                                     25 	.globl _CMP_IF
                                     26 	.globl _CMPO
                                     27 	.globl _U1RI
                                     28 	.globl _U1TI
                                     29 	.globl _U1RB8
                                     30 	.globl _U1TB8
                                     31 	.globl _U1REN
                                     32 	.globl _U1SMOD
                                     33 	.globl _U1SM0
                                     34 	.globl _S0_R_FIFO
                                     35 	.globl _S0_T_FIFO
                                     36 	.globl _S0_FREE
                                     37 	.globl _S0_IF_BYTE
                                     38 	.globl _S0_IF_FIRST
                                     39 	.globl _S0_IF_OV
                                     40 	.globl _S0_FST_ACT
                                     41 	.globl _CP_RL2
                                     42 	.globl _C_T2
                                     43 	.globl _TR2
                                     44 	.globl _EXEN2
                                     45 	.globl _TCLK
                                     46 	.globl _RCLK
                                     47 	.globl _EXF2
                                     48 	.globl _CAP1F
                                     49 	.globl _TF2
                                     50 	.globl _RI
                                     51 	.globl _TI
                                     52 	.globl _RB8
                                     53 	.globl _TB8
                                     54 	.globl _REN
                                     55 	.globl _SM2
                                     56 	.globl _SM1
                                     57 	.globl _SM0
                                     58 	.globl _IT0
                                     59 	.globl _IE0
                                     60 	.globl _IT1
                                     61 	.globl _IE1
                                     62 	.globl _TR0
                                     63 	.globl _TF0
                                     64 	.globl _TR1
                                     65 	.globl _TF1
                                     66 	.globl _RXD
                                     67 	.globl _PWM1_
                                     68 	.globl _TXD
                                     69 	.globl _PWM2_
                                     70 	.globl _AIN3
                                     71 	.globl _VBUS1
                                     72 	.globl _INT0
                                     73 	.globl _TXD1_
                                     74 	.globl _INT1
                                     75 	.globl _T0
                                     76 	.globl _RXD1_
                                     77 	.globl _PWM2
                                     78 	.globl _T1
                                     79 	.globl _UDP
                                     80 	.globl _UDM
                                     81 	.globl _TIN0
                                     82 	.globl _CAP1
                                     83 	.globl _T2
                                     84 	.globl _AIN0
                                     85 	.globl _VBUS2
                                     86 	.globl _TIN1
                                     87 	.globl _CAP2
                                     88 	.globl _T2EX
                                     89 	.globl _RXD_
                                     90 	.globl _TXD_
                                     91 	.globl _AIN1
                                     92 	.globl _UCC1
                                     93 	.globl _TIN2
                                     94 	.globl _SCS
                                     95 	.globl _CAP1_
                                     96 	.globl _T2_
                                     97 	.globl _AIN2
                                     98 	.globl _UCC2
                                     99 	.globl _TIN3
                                    100 	.globl _PWM1
                                    101 	.globl _MOSI
                                    102 	.globl _TIN4
                                    103 	.globl _RXD1
                                    104 	.globl _MISO
                                    105 	.globl _TIN5
                                    106 	.globl _TXD1
                                    107 	.globl _SCK
                                    108 	.globl _IE_SPI0
                                    109 	.globl _IE_TKEY
                                    110 	.globl _IE_USB
                                    111 	.globl _IE_ADC
                                    112 	.globl _IE_UART1
                                    113 	.globl _IE_PWMX
                                    114 	.globl _IE_GPIO
                                    115 	.globl _IE_WDOG
                                    116 	.globl _PX0
                                    117 	.globl _PT0
                                    118 	.globl _PX1
                                    119 	.globl _PT1
                                    120 	.globl _PS
                                    121 	.globl _PT2
                                    122 	.globl _PL_FLAG
                                    123 	.globl _PH_FLAG
                                    124 	.globl _EX0
                                    125 	.globl _ET0
                                    126 	.globl _EX1
                                    127 	.globl _ET1
                                    128 	.globl _ES
                                    129 	.globl _ET2
                                    130 	.globl _E_DIS
                                    131 	.globl _EA
                                    132 	.globl _P
                                    133 	.globl _F1
                                    134 	.globl _OV
                                    135 	.globl _RS0
                                    136 	.globl _RS1
                                    137 	.globl _F0
                                    138 	.globl _AC
                                    139 	.globl _CY
                                    140 	.globl _UEP1_DMA_H
                                    141 	.globl _UEP1_DMA_L
                                    142 	.globl _UEP1_DMA
                                    143 	.globl _UEP0_DMA_H
                                    144 	.globl _UEP0_DMA_L
                                    145 	.globl _UEP0_DMA
                                    146 	.globl _UEP2_3_MOD
                                    147 	.globl _UEP4_1_MOD
                                    148 	.globl _UEP3_DMA_H
                                    149 	.globl _UEP3_DMA_L
                                    150 	.globl _UEP3_DMA
                                    151 	.globl _UEP2_DMA_H
                                    152 	.globl _UEP2_DMA_L
                                    153 	.globl _UEP2_DMA
                                    154 	.globl _USB_DEV_AD
                                    155 	.globl _USB_CTRL
                                    156 	.globl _USB_INT_EN
                                    157 	.globl _UEP4_T_LEN
                                    158 	.globl _UEP4_CTRL
                                    159 	.globl _UEP0_T_LEN
                                    160 	.globl _UEP0_CTRL
                                    161 	.globl _USB_RX_LEN
                                    162 	.globl _USB_MIS_ST
                                    163 	.globl _USB_INT_ST
                                    164 	.globl _USB_INT_FG
                                    165 	.globl _UEP3_T_LEN
                                    166 	.globl _UEP3_CTRL
                                    167 	.globl _UEP2_T_LEN
                                    168 	.globl _UEP2_CTRL
                                    169 	.globl _UEP1_T_LEN
                                    170 	.globl _UEP1_CTRL
                                    171 	.globl _UDEV_CTRL
                                    172 	.globl _USB_C_CTRL
                                    173 	.globl _TKEY_DATH
                                    174 	.globl _TKEY_DATL
                                    175 	.globl _TKEY_DAT
                                    176 	.globl _TKEY_CTRL
                                    177 	.globl _ADC_DATA
                                    178 	.globl _ADC_CFG
                                    179 	.globl _ADC_CTRL
                                    180 	.globl _SBAUD1
                                    181 	.globl _SBUF1
                                    182 	.globl _SCON1
                                    183 	.globl _SPI0_SETUP
                                    184 	.globl _SPI0_CK_SE
                                    185 	.globl _SPI0_CTRL
                                    186 	.globl _SPI0_DATA
                                    187 	.globl _SPI0_STAT
                                    188 	.globl _PWM_CK_SE
                                    189 	.globl _PWM_CTRL
                                    190 	.globl _PWM_DATA1
                                    191 	.globl _PWM_DATA2
                                    192 	.globl _T2CAP1H
                                    193 	.globl _T2CAP1L
                                    194 	.globl _T2CAP1
                                    195 	.globl _TH2
                                    196 	.globl _TL2
                                    197 	.globl _T2COUNT
                                    198 	.globl _RCAP2H
                                    199 	.globl _RCAP2L
                                    200 	.globl _RCAP2
                                    201 	.globl _T2MOD
                                    202 	.globl _T2CON
                                    203 	.globl _SBUF
                                    204 	.globl _SCON
                                    205 	.globl _TH1
                                    206 	.globl _TH0
                                    207 	.globl _TL1
                                    208 	.globl _TL0
                                    209 	.globl _TMOD
                                    210 	.globl _TCON
                                    211 	.globl _XBUS_AUX
                                    212 	.globl _PIN_FUNC
                                    213 	.globl _P3_DIR_PU
                                    214 	.globl _P3_MOD_OC
                                    215 	.globl _P3
                                    216 	.globl _P2
                                    217 	.globl _P1_DIR_PU
                                    218 	.globl _P1_MOD_OC
                                    219 	.globl _P1
                                    220 	.globl _ROM_CTRL
                                    221 	.globl _ROM_DATA_H
                                    222 	.globl _ROM_DATA_L
                                    223 	.globl _ROM_DATA
                                    224 	.globl _ROM_ADDR_H
                                    225 	.globl _ROM_ADDR_L
                                    226 	.globl _ROM_ADDR
                                    227 	.globl _GPIO_IE
                                    228 	.globl _IP_EX
                                    229 	.globl _IE_EX
                                    230 	.globl _IP
                                    231 	.globl _IE
                                    232 	.globl _WDOG_COUNT
                                    233 	.globl _RESET_KEEP
                                    234 	.globl _WAKE_CTRL
                                    235 	.globl _CLOCK_CFG
                                    236 	.globl _PCON
                                    237 	.globl _GLOBAL_CFG
                                    238 	.globl _SAFE_MOD
                                    239 	.globl _DPH
                                    240 	.globl _DPL
                                    241 	.globl _SP
                                    242 	.globl _B
                                    243 	.globl _ACC
                                    244 	.globl _PSW
                                    245 	.globl _ADCInit
                                    246 	.globl _ADC_ChannelSelect
                                    247 	.globl _VoltageCMPModeInit
                                    248 ;--------------------------------------------------------
                                    249 ; special function registers
                                    250 ;--------------------------------------------------------
                                    251 	.area RSEG    (ABS,DATA)
      000000                        252 	.org 0x0000
                           0000D0   253 _PSW	=	0x00d0
                           0000E0   254 _ACC	=	0x00e0
                           0000F0   255 _B	=	0x00f0
                           000081   256 _SP	=	0x0081
                           000082   257 _DPL	=	0x0082
                           000083   258 _DPH	=	0x0083
                           0000A1   259 _SAFE_MOD	=	0x00a1
                           0000B1   260 _GLOBAL_CFG	=	0x00b1
                           000087   261 _PCON	=	0x0087
                           0000B9   262 _CLOCK_CFG	=	0x00b9
                           0000A9   263 _WAKE_CTRL	=	0x00a9
                           0000FE   264 _RESET_KEEP	=	0x00fe
                           0000FF   265 _WDOG_COUNT	=	0x00ff
                           0000A8   266 _IE	=	0x00a8
                           0000B8   267 _IP	=	0x00b8
                           0000E8   268 _IE_EX	=	0x00e8
                           0000E9   269 _IP_EX	=	0x00e9
                           0000C7   270 _GPIO_IE	=	0x00c7
                           008584   271 _ROM_ADDR	=	0x8584
                           000084   272 _ROM_ADDR_L	=	0x0084
                           000085   273 _ROM_ADDR_H	=	0x0085
                           008F8E   274 _ROM_DATA	=	0x8f8e
                           00008E   275 _ROM_DATA_L	=	0x008e
                           00008F   276 _ROM_DATA_H	=	0x008f
                           000086   277 _ROM_CTRL	=	0x0086
                           000090   278 _P1	=	0x0090
                           000092   279 _P1_MOD_OC	=	0x0092
                           000093   280 _P1_DIR_PU	=	0x0093
                           0000A0   281 _P2	=	0x00a0
                           0000B0   282 _P3	=	0x00b0
                           000096   283 _P3_MOD_OC	=	0x0096
                           000097   284 _P3_DIR_PU	=	0x0097
                           0000C6   285 _PIN_FUNC	=	0x00c6
                           0000A2   286 _XBUS_AUX	=	0x00a2
                           000088   287 _TCON	=	0x0088
                           000089   288 _TMOD	=	0x0089
                           00008A   289 _TL0	=	0x008a
                           00008B   290 _TL1	=	0x008b
                           00008C   291 _TH0	=	0x008c
                           00008D   292 _TH1	=	0x008d
                           000098   293 _SCON	=	0x0098
                           000099   294 _SBUF	=	0x0099
                           0000C8   295 _T2CON	=	0x00c8
                           0000C9   296 _T2MOD	=	0x00c9
                           00CBCA   297 _RCAP2	=	0xcbca
                           0000CA   298 _RCAP2L	=	0x00ca
                           0000CB   299 _RCAP2H	=	0x00cb
                           00CDCC   300 _T2COUNT	=	0xcdcc
                           0000CC   301 _TL2	=	0x00cc
                           0000CD   302 _TH2	=	0x00cd
                           00CFCE   303 _T2CAP1	=	0xcfce
                           0000CE   304 _T2CAP1L	=	0x00ce
                           0000CF   305 _T2CAP1H	=	0x00cf
                           00009B   306 _PWM_DATA2	=	0x009b
                           00009C   307 _PWM_DATA1	=	0x009c
                           00009D   308 _PWM_CTRL	=	0x009d
                           00009E   309 _PWM_CK_SE	=	0x009e
                           0000F8   310 _SPI0_STAT	=	0x00f8
                           0000F9   311 _SPI0_DATA	=	0x00f9
                           0000FA   312 _SPI0_CTRL	=	0x00fa
                           0000FB   313 _SPI0_CK_SE	=	0x00fb
                           0000FC   314 _SPI0_SETUP	=	0x00fc
                           0000C0   315 _SCON1	=	0x00c0
                           0000C1   316 _SBUF1	=	0x00c1
                           0000C2   317 _SBAUD1	=	0x00c2
                           000080   318 _ADC_CTRL	=	0x0080
                           00009A   319 _ADC_CFG	=	0x009a
                           00009F   320 _ADC_DATA	=	0x009f
                           0000C3   321 _TKEY_CTRL	=	0x00c3
                           00C5C4   322 _TKEY_DAT	=	0xc5c4
                           0000C4   323 _TKEY_DATL	=	0x00c4
                           0000C5   324 _TKEY_DATH	=	0x00c5
                           000091   325 _USB_C_CTRL	=	0x0091
                           0000D1   326 _UDEV_CTRL	=	0x00d1
                           0000D2   327 _UEP1_CTRL	=	0x00d2
                           0000D3   328 _UEP1_T_LEN	=	0x00d3
                           0000D4   329 _UEP2_CTRL	=	0x00d4
                           0000D5   330 _UEP2_T_LEN	=	0x00d5
                           0000D6   331 _UEP3_CTRL	=	0x00d6
                           0000D7   332 _UEP3_T_LEN	=	0x00d7
                           0000D8   333 _USB_INT_FG	=	0x00d8
                           0000D9   334 _USB_INT_ST	=	0x00d9
                           0000DA   335 _USB_MIS_ST	=	0x00da
                           0000DB   336 _USB_RX_LEN	=	0x00db
                           0000DC   337 _UEP0_CTRL	=	0x00dc
                           0000DD   338 _UEP0_T_LEN	=	0x00dd
                           0000DE   339 _UEP4_CTRL	=	0x00de
                           0000DF   340 _UEP4_T_LEN	=	0x00df
                           0000E1   341 _USB_INT_EN	=	0x00e1
                           0000E2   342 _USB_CTRL	=	0x00e2
                           0000E3   343 _USB_DEV_AD	=	0x00e3
                           00E5E4   344 _UEP2_DMA	=	0xe5e4
                           0000E4   345 _UEP2_DMA_L	=	0x00e4
                           0000E5   346 _UEP2_DMA_H	=	0x00e5
                           00E7E6   347 _UEP3_DMA	=	0xe7e6
                           0000E6   348 _UEP3_DMA_L	=	0x00e6
                           0000E7   349 _UEP3_DMA_H	=	0x00e7
                           0000EA   350 _UEP4_1_MOD	=	0x00ea
                           0000EB   351 _UEP2_3_MOD	=	0x00eb
                           00EDEC   352 _UEP0_DMA	=	0xedec
                           0000EC   353 _UEP0_DMA_L	=	0x00ec
                           0000ED   354 _UEP0_DMA_H	=	0x00ed
                           00EFEE   355 _UEP1_DMA	=	0xefee
                           0000EE   356 _UEP1_DMA_L	=	0x00ee
                           0000EF   357 _UEP1_DMA_H	=	0x00ef
                                    358 ;--------------------------------------------------------
                                    359 ; special function bits
                                    360 ;--------------------------------------------------------
                                    361 	.area RSEG    (ABS,DATA)
      000000                        362 	.org 0x0000
                           0000D7   363 _CY	=	0x00d7
                           0000D6   364 _AC	=	0x00d6
                           0000D5   365 _F0	=	0x00d5
                           0000D4   366 _RS1	=	0x00d4
                           0000D3   367 _RS0	=	0x00d3
                           0000D2   368 _OV	=	0x00d2
                           0000D1   369 _F1	=	0x00d1
                           0000D0   370 _P	=	0x00d0
                           0000AF   371 _EA	=	0x00af
                           0000AE   372 _E_DIS	=	0x00ae
                           0000AD   373 _ET2	=	0x00ad
                           0000AC   374 _ES	=	0x00ac
                           0000AB   375 _ET1	=	0x00ab
                           0000AA   376 _EX1	=	0x00aa
                           0000A9   377 _ET0	=	0x00a9
                           0000A8   378 _EX0	=	0x00a8
                           0000BF   379 _PH_FLAG	=	0x00bf
                           0000BE   380 _PL_FLAG	=	0x00be
                           0000BD   381 _PT2	=	0x00bd
                           0000BC   382 _PS	=	0x00bc
                           0000BB   383 _PT1	=	0x00bb
                           0000BA   384 _PX1	=	0x00ba
                           0000B9   385 _PT0	=	0x00b9
                           0000B8   386 _PX0	=	0x00b8
                           0000EF   387 _IE_WDOG	=	0x00ef
                           0000EE   388 _IE_GPIO	=	0x00ee
                           0000ED   389 _IE_PWMX	=	0x00ed
                           0000EC   390 _IE_UART1	=	0x00ec
                           0000EB   391 _IE_ADC	=	0x00eb
                           0000EA   392 _IE_USB	=	0x00ea
                           0000E9   393 _IE_TKEY	=	0x00e9
                           0000E8   394 _IE_SPI0	=	0x00e8
                           000097   395 _SCK	=	0x0097
                           000097   396 _TXD1	=	0x0097
                           000097   397 _TIN5	=	0x0097
                           000096   398 _MISO	=	0x0096
                           000096   399 _RXD1	=	0x0096
                           000096   400 _TIN4	=	0x0096
                           000095   401 _MOSI	=	0x0095
                           000095   402 _PWM1	=	0x0095
                           000095   403 _TIN3	=	0x0095
                           000095   404 _UCC2	=	0x0095
                           000095   405 _AIN2	=	0x0095
                           000094   406 _T2_	=	0x0094
                           000094   407 _CAP1_	=	0x0094
                           000094   408 _SCS	=	0x0094
                           000094   409 _TIN2	=	0x0094
                           000094   410 _UCC1	=	0x0094
                           000094   411 _AIN1	=	0x0094
                           000093   412 _TXD_	=	0x0093
                           000092   413 _RXD_	=	0x0092
                           000091   414 _T2EX	=	0x0091
                           000091   415 _CAP2	=	0x0091
                           000091   416 _TIN1	=	0x0091
                           000091   417 _VBUS2	=	0x0091
                           000091   418 _AIN0	=	0x0091
                           000090   419 _T2	=	0x0090
                           000090   420 _CAP1	=	0x0090
                           000090   421 _TIN0	=	0x0090
                           0000B7   422 _UDM	=	0x00b7
                           0000B6   423 _UDP	=	0x00b6
                           0000B5   424 _T1	=	0x00b5
                           0000B4   425 _PWM2	=	0x00b4
                           0000B4   426 _RXD1_	=	0x00b4
                           0000B4   427 _T0	=	0x00b4
                           0000B3   428 _INT1	=	0x00b3
                           0000B2   429 _TXD1_	=	0x00b2
                           0000B2   430 _INT0	=	0x00b2
                           0000B2   431 _VBUS1	=	0x00b2
                           0000B2   432 _AIN3	=	0x00b2
                           0000B1   433 _PWM2_	=	0x00b1
                           0000B1   434 _TXD	=	0x00b1
                           0000B0   435 _PWM1_	=	0x00b0
                           0000B0   436 _RXD	=	0x00b0
                           00008F   437 _TF1	=	0x008f
                           00008E   438 _TR1	=	0x008e
                           00008D   439 _TF0	=	0x008d
                           00008C   440 _TR0	=	0x008c
                           00008B   441 _IE1	=	0x008b
                           00008A   442 _IT1	=	0x008a
                           000089   443 _IE0	=	0x0089
                           000088   444 _IT0	=	0x0088
                           00009F   445 _SM0	=	0x009f
                           00009E   446 _SM1	=	0x009e
                           00009D   447 _SM2	=	0x009d
                           00009C   448 _REN	=	0x009c
                           00009B   449 _TB8	=	0x009b
                           00009A   450 _RB8	=	0x009a
                           000099   451 _TI	=	0x0099
                           000098   452 _RI	=	0x0098
                           0000CF   453 _TF2	=	0x00cf
                           0000CF   454 _CAP1F	=	0x00cf
                           0000CE   455 _EXF2	=	0x00ce
                           0000CD   456 _RCLK	=	0x00cd
                           0000CC   457 _TCLK	=	0x00cc
                           0000CB   458 _EXEN2	=	0x00cb
                           0000CA   459 _TR2	=	0x00ca
                           0000C9   460 _C_T2	=	0x00c9
                           0000C8   461 _CP_RL2	=	0x00c8
                           0000FF   462 _S0_FST_ACT	=	0x00ff
                           0000FE   463 _S0_IF_OV	=	0x00fe
                           0000FD   464 _S0_IF_FIRST	=	0x00fd
                           0000FC   465 _S0_IF_BYTE	=	0x00fc
                           0000FB   466 _S0_FREE	=	0x00fb
                           0000FA   467 _S0_T_FIFO	=	0x00fa
                           0000F8   468 _S0_R_FIFO	=	0x00f8
                           0000C7   469 _U1SM0	=	0x00c7
                           0000C5   470 _U1SMOD	=	0x00c5
                           0000C4   471 _U1REN	=	0x00c4
                           0000C3   472 _U1TB8	=	0x00c3
                           0000C2   473 _U1RB8	=	0x00c2
                           0000C1   474 _U1TI	=	0x00c1
                           0000C0   475 _U1RI	=	0x00c0
                           000087   476 _CMPO	=	0x0087
                           000086   477 _CMP_IF	=	0x0086
                           000085   478 _ADC_IF	=	0x0085
                           000084   479 _ADC_START	=	0x0084
                           000083   480 _CMP_CHAN	=	0x0083
                           000081   481 _ADC_CHAN1	=	0x0081
                           000080   482 _ADC_CHAN0	=	0x0080
                           0000DF   483 _U_IS_NAK	=	0x00df
                           0000DE   484 _U_TOG_OK	=	0x00de
                           0000DD   485 _U_SIE_FREE	=	0x00dd
                           0000DC   486 _UIF_FIFO_OV	=	0x00dc
                           0000DB   487 _UIF_HST_SOF	=	0x00db
                           0000DA   488 _UIF_SUSPEND	=	0x00da
                           0000D9   489 _UIF_TRANSFER	=	0x00d9
                           0000D8   490 _UIF_DETECT	=	0x00d8
                           0000D8   491 _UIF_BUS_RST	=	0x00d8
                                    492 ;--------------------------------------------------------
                                    493 ; overlayable register banks
                                    494 ;--------------------------------------------------------
                                    495 	.area REG_BANK_0	(REL,OVR,DATA)
      000000                        496 	.ds 8
                                    497 ;--------------------------------------------------------
                                    498 ; internal ram data
                                    499 ;--------------------------------------------------------
                                    500 	.area DSEG    (DATA)
                                    501 ;--------------------------------------------------------
                                    502 ; overlayable items in internal ram
                                    503 ;--------------------------------------------------------
                                    504 ;--------------------------------------------------------
                                    505 ; indirectly addressable internal ram data
                                    506 ;--------------------------------------------------------
                                    507 	.area ISEG    (DATA)
                                    508 ;--------------------------------------------------------
                                    509 ; absolute internal ram data
                                    510 ;--------------------------------------------------------
                                    511 	.area IABS    (ABS,DATA)
                                    512 	.area IABS    (ABS,DATA)
                                    513 ;--------------------------------------------------------
                                    514 ; bit data
                                    515 ;--------------------------------------------------------
                                    516 	.area BSEG    (BIT)
                                    517 ;--------------------------------------------------------
                                    518 ; paged external ram data
                                    519 ;--------------------------------------------------------
                                    520 	.area PSEG    (PAG,XDATA)
                                    521 ;--------------------------------------------------------
                                    522 ; uninitialized external ram data
                                    523 ;--------------------------------------------------------
                                    524 	.area XSEG    (XDATA)
                                    525 ;--------------------------------------------------------
                                    526 ; absolute external ram data
                                    527 ;--------------------------------------------------------
                                    528 	.area XABS    (ABS,XDATA)
                                    529 ;--------------------------------------------------------
                                    530 ; initialized external ram data
                                    531 ;--------------------------------------------------------
                                    532 	.area XISEG   (XDATA)
                                    533 	.area HOME    (CODE)
                                    534 	.area GSINIT0 (CODE)
                                    535 	.area GSINIT1 (CODE)
                                    536 	.area GSINIT2 (CODE)
                                    537 	.area GSINIT3 (CODE)
                                    538 	.area GSINIT4 (CODE)
                                    539 	.area GSINIT5 (CODE)
                                    540 	.area GSINIT  (CODE)
                                    541 	.area GSFINAL (CODE)
                                    542 	.area CSEG    (CODE)
                                    543 ;--------------------------------------------------------
                                    544 ; global & static initialisations
                                    545 ;--------------------------------------------------------
                                    546 	.area HOME    (CODE)
                                    547 	.area GSINIT  (CODE)
                                    548 	.area GSFINAL (CODE)
                                    549 	.area GSINIT  (CODE)
                                    550 ;--------------------------------------------------------
                                    551 ; Home
                                    552 ;--------------------------------------------------------
                                    553 	.area HOME    (CODE)
                                    554 	.area HOME    (CODE)
                                    555 ;--------------------------------------------------------
                                    556 ; code
                                    557 ;--------------------------------------------------------
                                    558 	.area CSEG    (CODE)
                                    559 ;------------------------------------------------------------
                                    560 ;Allocation info for local variables in function 'ADCInit'
                                    561 ;------------------------------------------------------------
                                    562 ;speed         Allocated to registers r7 
                                    563 ;------------------------------------------------------------
                                    564 ;	C:\Users\Clovisf\Documents\ch552\adc\adc.c:27: void ADCInit(uint8_t speed)
                                    565 ;	-----------------------------------------
                                    566 ;	 function ADCInit
                                    567 ;	-----------------------------------------
      000000                        568 _ADCInit:
                           000007   569 	ar7 = 0x07
                           000006   570 	ar6 = 0x06
                           000005   571 	ar5 = 0x05
                           000004   572 	ar4 = 0x04
                           000003   573 	ar3 = 0x03
                           000002   574 	ar2 = 0x02
                           000001   575 	ar1 = 0x01
                           000000   576 	ar0 = 0x00
      000000 AF 82            [24]  577 	mov	r7, dpl
                                    578 ;	C:\Users\Clovisf\Documents\ch552\adc\adc.c:29: ADC_CFG = (ADC_CFG & ~bADC_CLK) | speed;
      000002 74 FE            [12]  579 	mov	a,#0xfe
      000004 55 9A            [12]  580 	anl	a,_ADC_CFG
      000006 4F               [12]  581 	orl	a,r7
      000007 F5 9A            [12]  582 	mov	_ADC_CFG,a
                                    583 ;	C:\Users\Clovisf\Documents\ch552\adc\adc.c:30: ADC_CFG |= bADC_EN;                                                        //ADC power enable
      000009 43 9A 08         [24]  584 	orl	_ADC_CFG,#0x08
                                    585 ;	C:\Users\Clovisf\Documents\ch552\adc\adc.c:35: }
      00000C 22               [24]  586 	ret
                                    587 ;------------------------------------------------------------
                                    588 ;Allocation info for local variables in function 'ADC_ChannelSelect'
                                    589 ;------------------------------------------------------------
                                    590 ;ch            Allocated to registers r7 
                                    591 ;------------------------------------------------------------
                                    592 ;	C:\Users\Clovisf\Documents\ch552\adc\adc.c:45: uint8_t ADC_ChannelSelect(uint8_t ch)
                                    593 ;	-----------------------------------------
                                    594 ;	 function ADC_ChannelSelect
                                    595 ;	-----------------------------------------
      00000D                        596 _ADC_ChannelSelect:
                                    597 ;	C:\Users\Clovisf\Documents\ch552\adc\adc.c:47: if(ch == 0){ADC_CHAN1 =0;ADC_CHAN0=0;P1_DIR_PU &= ~bAIN0;}                 //AIN0
      00000D E5 82            [12]  598 	mov	a,dpl
      00000F FF               [12]  599 	mov	r7,a
      000010 70 09            [24]  600 	jnz	00111$
                                    601 ;	assignBit
      000012 C2 81            [12]  602 	clr	_ADC_CHAN1
                                    603 ;	assignBit
      000014 C2 80            [12]  604 	clr	_ADC_CHAN0
      000016 53 93 FD         [24]  605 	anl	_P1_DIR_PU,#0xfd
      000019 80 28            [24]  606 	sjmp	00112$
      00001B                        607 00111$:
                                    608 ;	C:\Users\Clovisf\Documents\ch552\adc\adc.c:48: else if(ch == 1){ADC_CHAN1 =0;ADC_CHAN0=1;P1_DIR_PU &= ~bAIN1;}            //AIN1
      00001B BF 01 09         [24]  609 	cjne	r7,#0x01,00108$
                                    610 ;	assignBit
      00001E C2 81            [12]  611 	clr	_ADC_CHAN1
                                    612 ;	assignBit
      000020 D2 80            [12]  613 	setb	_ADC_CHAN0
      000022 53 93 EF         [24]  614 	anl	_P1_DIR_PU,#0xef
      000025 80 1C            [24]  615 	sjmp	00112$
      000027                        616 00108$:
                                    617 ;	C:\Users\Clovisf\Documents\ch552\adc\adc.c:49: else if(ch == 2){ADC_CHAN1 =1;ADC_CHAN0=0;P1_DIR_PU &= ~bAIN2;}            //AIN2
      000027 BF 02 09         [24]  618 	cjne	r7,#0x02,00105$
                                    619 ;	assignBit
      00002A D2 81            [12]  620 	setb	_ADC_CHAN1
                                    621 ;	assignBit
      00002C C2 80            [12]  622 	clr	_ADC_CHAN0
      00002E 53 93 DF         [24]  623 	anl	_P1_DIR_PU,#0xdf
      000031 80 10            [24]  624 	sjmp	00112$
      000033                        625 00105$:
                                    626 ;	C:\Users\Clovisf\Documents\ch552\adc\adc.c:50: else if(ch == 3){ADC_CHAN1 =1;ADC_CHAN0=1;P3_DIR_PU &= ~bAIN3;}            //AIN3
      000033 BF 03 09         [24]  627 	cjne	r7,#0x03,00102$
                                    628 ;	assignBit
      000036 D2 81            [12]  629 	setb	_ADC_CHAN1
                                    630 ;	assignBit
      000038 D2 80            [12]  631 	setb	_ADC_CHAN0
      00003A 53 97 FB         [24]  632 	anl	_P3_DIR_PU,#0xfb
      00003D 80 04            [24]  633 	sjmp	00112$
      00003F                        634 00102$:
                                    635 ;	C:\Users\Clovisf\Documents\ch552\adc\adc.c:51: else return FAIL;
      00003F 75 82 FF         [24]  636 	mov	dpl, #0xff
      000042 22               [24]  637 	ret
      000043                        638 00112$:
                                    639 ;	C:\Users\Clovisf\Documents\ch552\adc\adc.c:52: return SUCCESS;
      000043 75 82 01         [24]  640 	mov	dpl, #0x01
                                    641 ;	C:\Users\Clovisf\Documents\ch552\adc\adc.c:53: }
      000046 22               [24]  642 	ret
                                    643 ;------------------------------------------------------------
                                    644 ;Allocation info for local variables in function 'VoltageCMPModeInit'
                                    645 ;------------------------------------------------------------
                                    646 ;re            Allocated to stack - _bp -3 +1 
                                    647 ;fo            Allocated to registers r7 
                                    648 ;------------------------------------------------------------
                                    649 ;	C:\Users\Clovisf\Documents\ch552\adc\adc.c:64: uint8_t VoltageCMPModeInit(uint8_t fo,uint8_t re)
                                    650 ;	-----------------------------------------
                                    651 ;	 function VoltageCMPModeInit
                                    652 ;	-----------------------------------------
      000047                        653 _VoltageCMPModeInit:
      000047 C0*00            [24]  654 	push	_bp
      000049 85 81*00         [24]  655 	mov	_bp,sp
      00004C AF 82            [24]  656 	mov	r7, dpl
                                    657 ;	C:\Users\Clovisf\Documents\ch552\adc\adc.c:66: ADC_CFG |= bCMP_EN;                                                        // level comparison power enable
      00004E 43 9A 04         [24]  658 	orl	_ADC_CFG,#0x04
                                    659 ;	C:\Users\Clovisf\Documents\ch552\adc\adc.c:67: if(re == 1){
      000051 E5*00            [12]  660 	mov	a,_bp
      000053 24 FD            [12]  661 	add	a,#0xfd
      000055 F8               [12]  662 	mov	r0,a
      000056 B6 01 26         [24]  663 	cjne	@r0,#0x01,00123$
                                    664 ;	C:\Users\Clovisf\Documents\ch552\adc\adc.c:68: if(fo == 0) {ADC_CHAN1 =0;ADC_CHAN0=0;CMP_CHAN =0;}                      // AIN0 and AIN1
      000059 EF               [12]  665 	mov	a,r7
      00005A 70 08            [24]  666 	jnz	00108$
                                    667 ;	assignBit
      00005C C2 81            [12]  668 	clr	_ADC_CHAN1
                                    669 ;	assignBit
      00005E C2 80            [12]  670 	clr	_ADC_CHAN0
                                    671 ;	assignBit
      000060 C2 83            [12]  672 	clr	_CMP_CHAN
      000062 80 4E            [24]  673 	sjmp	00124$
      000064                        674 00108$:
                                    675 ;	C:\Users\Clovisf\Documents\ch552\adc\adc.c:69: else if(fo == 2) {ADC_CHAN1 =1;ADC_CHAN0=0;CMP_CHAN =0;}                 //AIN2 and AIN1
      000064 BF 02 08         [24]  676 	cjne	r7,#0x02,00105$
                                    677 ;	assignBit
      000067 D2 81            [12]  678 	setb	_ADC_CHAN1
                                    679 ;	assignBit
      000069 C2 80            [12]  680 	clr	_ADC_CHAN0
                                    681 ;	assignBit
      00006B C2 83            [12]  682 	clr	_CMP_CHAN
      00006D 80 43            [24]  683 	sjmp	00124$
      00006F                        684 00105$:
                                    685 ;	C:\Users\Clovisf\Documents\ch552\adc\adc.c:70: else if(fo == 3) {ADC_CHAN1 =1;ADC_CHAN0=1;CMP_CHAN =0; }                //AIN3 and AIN1			
      00006F BF 03 08         [24]  686 	cjne	r7,#0x03,00102$
                                    687 ;	assignBit
      000072 D2 81            [12]  688 	setb	_ADC_CHAN1
                                    689 ;	assignBit
      000074 D2 80            [12]  690 	setb	_ADC_CHAN0
                                    691 ;	assignBit
      000076 C2 83            [12]  692 	clr	_CMP_CHAN
      000078 80 38            [24]  693 	sjmp	00124$
      00007A                        694 00102$:
                                    695 ;	C:\Users\Clovisf\Documents\ch552\adc\adc.c:71: else return FAIL;
      00007A 75 82 FF         [24]  696 	mov	dpl, #0xff
      00007D 80 36            [24]  697 	sjmp	00125$
      00007F                        698 00123$:
                                    699 ;	C:\Users\Clovisf\Documents\ch552\adc\adc.c:73: else if(re == 3){
      00007F E5*00            [12]  700 	mov	a,_bp
      000081 24 FD            [12]  701 	add	a,#0xfd
      000083 F8               [12]  702 	mov	r0,a
      000084 B6 03 26         [24]  703 	cjne	@r0,#0x03,00120$
                                    704 ;	C:\Users\Clovisf\Documents\ch552\adc\adc.c:74: if(fo == 0) {ADC_CHAN1 =0;ADC_CHAN0=0;CMP_CHAN =0;}                      //AIN0 and AIN1
      000087 EF               [12]  705 	mov	a,r7
      000088 70 08            [24]  706 	jnz	00117$
                                    707 ;	assignBit
      00008A C2 81            [12]  708 	clr	_ADC_CHAN1
                                    709 ;	assignBit
      00008C C2 80            [12]  710 	clr	_ADC_CHAN0
                                    711 ;	assignBit
      00008E C2 83            [12]  712 	clr	_CMP_CHAN
      000090 80 20            [24]  713 	sjmp	00124$
      000092                        714 00117$:
                                    715 ;	C:\Users\Clovisf\Documents\ch552\adc\adc.c:75: else if(fo == 1) {ADC_CHAN1 =0;ADC_CHAN0=1;CMP_CHAN =0;}                 //AIN1 and AIN1
      000092 BF 01 08         [24]  716 	cjne	r7,#0x01,00114$
                                    717 ;	assignBit
      000095 C2 81            [12]  718 	clr	_ADC_CHAN1
                                    719 ;	assignBit
      000097 D2 80            [12]  720 	setb	_ADC_CHAN0
                                    721 ;	assignBit
      000099 C2 83            [12]  722 	clr	_CMP_CHAN
      00009B 80 15            [24]  723 	sjmp	00124$
      00009D                        724 00114$:
                                    725 ;	C:\Users\Clovisf\Documents\ch552\adc\adc.c:76: else if(fo == 2) {ADC_CHAN1 =1;ADC_CHAN0=0;CMP_CHAN =0;}                 //AIN2 and AIN1		
      00009D BF 02 08         [24]  726 	cjne	r7,#0x02,00111$
                                    727 ;	assignBit
      0000A0 D2 81            [12]  728 	setb	_ADC_CHAN1
                                    729 ;	assignBit
      0000A2 C2 80            [12]  730 	clr	_ADC_CHAN0
                                    731 ;	assignBit
      0000A4 C2 83            [12]  732 	clr	_CMP_CHAN
      0000A6 80 0A            [24]  733 	sjmp	00124$
      0000A8                        734 00111$:
                                    735 ;	C:\Users\Clovisf\Documents\ch552\adc\adc.c:77: else return FAIL;
      0000A8 75 82 FF         [24]  736 	mov	dpl, #0xff
      0000AB 80 08            [24]  737 	sjmp	00125$
      0000AD                        738 00120$:
                                    739 ;	C:\Users\Clovisf\Documents\ch552\adc\adc.c:79: else return FAIL;
      0000AD 75 82 FF         [24]  740 	mov	dpl, #0xff
      0000B0 80 03            [24]  741 	sjmp	00125$
      0000B2                        742 00124$:
                                    743 ;	C:\Users\Clovisf\Documents\ch552\adc\adc.c:85: return SUCCESS;
      0000B2 75 82 01         [24]  744 	mov	dpl, #0x01
      0000B5                        745 00125$:
                                    746 ;	C:\Users\Clovisf\Documents\ch552\adc\adc.c:86: }
      0000B5 D0*00            [24]  747 	pop	_bp
      0000B7 22               [24]  748 	ret
                                    749 	.area CSEG    (CODE)
                                    750 	.area CONST   (CODE)
                                    751 	.area XINIT   (CODE)
                                    752 	.area CABS    (ABS,CODE)
